# JRE version: OpenJDK Runtime Environment (11.0.13) (build 11.0.13+0-b1751.21-8125866)
# Java VM: OpenJDK 64-Bit Server VM (11.0.13+0-b1751.21-8125866, mixed mode, tiered, compressed oops, g1 gc, windows-amd64)
Heap:
 garbage-first heap   total 251904K, used 114703K [0x00000000a0000000, 0x0000000100000000)
  region size 1024K, 78 young (79872K), 14 survivors (14336K)
 Metaspace       used 62894K, capacity 65206K, committed 65544K, reserved 1105920K
  class space    used 8280K, capacity 9096K, committed 9216K, reserved 1048576K
GC Heap History (14 events):
Event: 0.663 GC heap before
{Heap before GC invocations=0 (full 0):
 garbage-first heap   total 251904K, used 29696K [0x00000000a0000000, 0x0000000100000000)
  region size 1024K, 24 young (24576K), 0 survivors (0K)
 Metaspace       used 9766K, capacity 9968K, committed 10112K, reserved 1058816K
  class space    used 987K, capacity 1069K, committed 1152K, reserved 1048576K
}
Event: 0.666 GC heap after
{Heap after GC invocations=1 (full 0):
 garbage-first heap   total 251904K, used 9295K [0x00000000a0000000, 0x0000000100000000)
  region size 1024K, 3 young (3072K), 3 survivors (3072K)
 Metaspace       used 9766K, capacity 9968K, committed 10112K, reserved 1058816K
  class space    used 987K, capacity 1069K, committed 1152K, reserved 1048576K
}
Event: 2.453 GC heap before
{Heap before GC invocations=1 (full 0):
 garbage-first heap   total 251904K, used 111695K [0x00000000a0000000, 0x0000000100000000)
  region size 1024K, 104 young (106496K), 3 survivors (3072K)
 Metaspace       used 20680K, capacity 21102K, committed 21296K, reserved 1069056K
  class space    used 2468K, capacity 2589K, committed 2688K, reserved 1048576K
}
Event: 2.462 GC heap after
{Heap after GC invocations=2 (full 0):
 garbage-first heap   total 251904K, used 17078K [0x00000000a0000000, 0x0000000100000000)
  region size 1024K, 11 young (11264K), 11 survivors (11264K)
 Metaspace       used 20680K, capacity 21102K, committed 21296K, reserved 1069056K
  class space    used 2468K, capacity 2589K, committed 2688K, reserved 1048576K
}
Event: 2.853 GC heap before
{Heap before GC invocations=3 (full 0):
 garbage-first heap   total 251904K, used 61110K [0x00000000a0000000, 0x0000000100000000)
  region size 1024K, 54 young (55296K), 11 survivors (11264K)
 Metaspace       used 24988K, capacity 25498K, committed 25648K, reserved 1071104K
  class space    used 3170K, capacity 3382K, committed 3456K, reserved 1048576K
}
Event: 2.861 GC heap after
{Heap after GC invocations=4 (full 0):
 garbage-first heap   total 251904K, used 18803K [0x00000000a0000000, 0x0000000100000000)
  region size 1024K, 3 young (3072K), 3 survivors (3072K)
 Metaspace       used 24988K, capacity 25498K, committed 25648K, reserved 1071104K
  class space    used 3170K, capacity 3382K, committed 3456K, reserved 1048576K
}
Event: 3.758 GC heap before
{Heap before GC invocations=4 (full 0):
 garbage-first heap   total 251904K, used 94579K [0x00000000a0000000, 0x0000000100000000)
  region size 1024K, 78 young (79872K), 3 survivors (3072K)
 Metaspace       used 35014K, capacity 35811K, committed 35920K, reserved 1081344K
  class space    used 4482K, capacity 4825K, committed 4864K, reserved 1048576K
}
Event: 3.765 GC heap after
{Heap after GC invocations=5 (full 0):
 garbage-first heap   total 251904K, used 22060K [0x00000000a0000000, 0x0000000100000000)
  region size 1024K, 6 young (6144K), 6 survivors (6144K)
 Metaspace       used 35014K, capacity 35811K, committed 35920K, reserved 1081344K
  class space    used 4482K, capacity 4825K, committed 4864K, reserved 1048576K
}
Event: 5.144 GC heap before
{Heap before GC invocations=6 (full 0):
 garbage-first heap   total 251904K, used 143916K [0x00000000a0000000, 0x0000000100000000)
  region size 1024K, 122 young (124928K), 6 survivors (6144K)
 Metaspace       used 44653K, capacity 45780K, committed 45904K, reserved 1089536K
  class space    used 5637K, capacity 6070K, committed 6144K, reserved 1048576K
}
Event: 5.152 GC heap after
{Heap after GC invocations=7 (full 0):
 garbage-first heap   total 251904K, used 30472K [0x00000000a0000000, 0x0000000100000000)
  region size 1024K, 14 young (14336K), 14 survivors (14336K)
 Metaspace       used 44653K, capacity 45780K, committed 45904K, reserved 1089536K
  class space    used 5637K, capacity 6070K, committed 6144K, reserved 1048576K
}
Event: 6.238 GC heap before
{Heap before GC invocations=7 (full 0):
 garbage-first heap   total 251904K, used 174856K [0x00000000a0000000, 0x0000000100000000)
  region size 1024K, 147 young (150528K), 14 survivors (14336K)
 Metaspace       used 50635K, capacity 52277K, committed 52560K, reserved 1095680K
  class space    used 6464K, capacity 7060K, committed 7168K, reserved 1048576K
}
Event: 6.250 GC heap after
{Heap after GC invocations=8 (full 0):
 garbage-first heap   total 251904K, used 47976K [0x00000000a0000000, 0x0000000100000000)
  region size 1024K, 18 young (18432K), 18 survivors (18432K)
 Metaspace       used 50635K, capacity 52277K, committed 52560K, reserved 1095680K
  class space    used 6464K, capacity 7060K, committed 7168K, reserved 1048576K
}
Event: 7.123 GC heap before
{Heap before GC invocations=8 (full 0):
 garbage-first heap   total 251904K, used 156520K [0x00000000a0000000, 0x0000000100000000)
  region size 1024K, 125 young (128000K), 18 survivors (18432K)
 Metaspace       used 58311K, capacity 60127K, committed 60296K, reserved 1101824K
  class space    used 7539K, capacity 8228K, committed 8320K, reserved 1048576K
}
Event: 7.136 GC heap after
{Heap after GC invocations=9 (full 0):
 garbage-first heap   total 251904K, used 51215K [0x00000000a0000000, 0x0000000100000000)
  region size 1024K, 14 young (14336K), 14 survivors (14336K)
 Metaspace       used 58311K, capacity 60127K, committed 60296K, reserved 1101824K
  class space    used 7539K, capacity 8228K, committed 8320K, reserved 1048576K
}

