# JRE version: OpenJDK Runtime Environment (11.0.13) (build 11.0.13+0-b1751.21-8125866)
# Java VM: OpenJDK 64-Bit Server VM (11.0.13+0-b1751.21-8125866, mixed mode, tiered, compressed oops, g1 gc, windows-amd64)
Heap:
 garbage-first heap   total 251904K, used 55939K [0x00000000a0000000, 0x0000000100000000)
  region size 1024K, 40 young (40960K), 6 survivors (6144K)
 Metaspace       used 38256K, capacity 39171K, committed 39376K, reserved 1083392K
  class space    used 4873K, capacity 5240K, committed 5248K, reserved 1048576K
GC Heap History (8 events):
Event: 0.726 GC heap before
{Heap before GC invocations=0 (full 0):
 garbage-first heap   total 251904K, used 29696K [0x00000000a0000000, 0x0000000100000000)
  region size 1024K, 24 young (24576K), 0 survivors (0K)
 Metaspace       used 9717K, capacity 9968K, committed 10112K, reserved 1058816K
  class space    used 983K, capacity 1069K, committed 1152K, reserved 1048576K
}
Event: 0.731 GC heap after
{Heap after GC invocations=1 (full 0):
 garbage-first heap   total 251904K, used 9353K [0x00000000a0000000, 0x0000000100000000)
  region size 1024K, 3 young (3072K), 3 survivors (3072K)
 Metaspace       used 9717K, capacity 9968K, committed 10112K, reserved 1058816K
  class space    used 983K, capacity 1069K, committed 1152K, reserved 1048576K
}
Event: 2.793 GC heap before
{Heap before GC invocations=1 (full 0):
 garbage-first heap   total 251904K, used 110729K [0x00000000a0000000, 0x0000000100000000)
  region size 1024K, 103 young (105472K), 3 survivors (3072K)
 Metaspace       used 20675K, capacity 21102K, committed 21296K, reserved 1069056K
  class space    used 2466K, capacity 2589K, committed 2688K, reserved 1048576K
}
Event: 2.802 GC heap after
{Heap after GC invocations=2 (full 0):
 garbage-first heap   total 251904K, used 17260K [0x00000000a0000000, 0x0000000100000000)
  region size 1024K, 11 young (11264K), 11 survivors (11264K)
 Metaspace       used 20675K, capacity 21102K, committed 21296K, reserved 1069056K
  class space    used 2466K, capacity 2589K, committed 2688K, reserved 1048576K
}
Event: 3.329 GC heap before
{Heap before GC invocations=3 (full 0):
 garbage-first heap   total 251904K, used 67436K [0x00000000a0000000, 0x0000000100000000)
  region size 1024K, 60 young (61440K), 11 survivors (11264K)
 Metaspace       used 25871K, capacity 26412K, committed 26544K, reserved 1073152K
  class space    used 3311K, capacity 3517K, committed 3584K, reserved 1048576K
}
Event: 3.334 GC heap after
{Heap after GC invocations=4 (full 0):
 garbage-first heap   total 251904K, used 19173K [0x00000000a0000000, 0x0000000100000000)
  region size 1024K, 3 young (3072K), 3 survivors (3072K)
 Metaspace       used 25871K, capacity 26412K, committed 26544K, reserved 1073152K
  class space    used 3311K, capacity 3517K, committed 3584K, reserved 1048576K
}
Event: 4.248 GC heap before
{Heap before GC invocations=4 (full 0):
 garbage-first heap   total 251904K, used 88805K [0x00000000a0000000, 0x0000000100000000)
  region size 1024K, 72 young (73728K), 3 survivors (3072K)
 Metaspace       used 35006K, capacity 35811K, committed 35920K, reserved 1081344K
  class space    used 4485K, capacity 4825K, committed 4864K, reserved 1048576K
}
Event: 4.256 GC heap after
{Heap after GC invocations=5 (full 0):
 garbage-first heap   total 251904K, used 22147K [0x00000000a0000000, 0x0000000100000000)
  region size 1024K, 6 young (6144K), 6 survivors (6144K)
 Metaspace       used 35006K, capacity 35811K, committed 35920K, reserved 1081344K
  class space    used 4485K, capacity 4825K, committed 4864K, reserved 1048576K
}

